<?xml version="1.0" encoding="UTF-8"?>
<!-- Generated by org.testng.reporters.JUnitXMLReporter -->
<testsuite ignored="0" hostname="DESKTOP-9ME9V7M" failures="1" tests="3" name="Test" time="9.535" errors="0" timestamp="2022-02-27T15:34:33 EST">
  <testcase classname="testng.Fblogin" name="f" time="0.011">
    <failure type="java.lang.Error" message="Unresolved compilation problems: 
	Type mismatch: cannot convert from WebElement to List&amp;lt;WebElement&amp;gt;
	Syntax error, insert &amp;quot;)&amp;quot; to complete Expression
">
      <![CDATA[java.lang.Error: Unresolved compilation problems: 
Type mismatch: cannot convert from WebElement to List<WebElement>
Syntax error, insert ")" to complete Expression

at testng.Fblogin.f(Fblogin.java:35)
at java.base/java.util.ArrayList.forEach(ArrayList.java:1511)
... Removed 27 stack frames]]>
    </failure>
  </testcase> <!-- f -->
  <testcase classname="testng.BalajiNewTest" name="f" time="9.442"/>
  <testcase classname="testng.Jriassignment" name="f" time="0.002"/>
</testsuite> <!-- Test -->
